0 info it worked if it ends with ok
1 verbose cli [ 'C:\\Program Files\\nodejs\\node.exe',
1 verbose cli   'C:\\Program Files\\nodejs\\node_modules\\npm\\bin\\npm-cli.js',
1 verbose cli   'run',
1 verbose cli   'client' ]
2 info using npm@3.10.10
3 info using node@v6.11.1
4 verbose run-script [ 'preclient', 'client', 'postclient' ]
5 info lifecycle maxval@1.0.0~preclient: maxval@1.0.0
6 silly lifecycle maxval@1.0.0~preclient: no script for preclient, continuing
7 info lifecycle maxval@1.0.0~client: maxval@1.0.0
8 verbose lifecycle maxval@1.0.0~client: unsafe-perm in lifecycle true
9 verbose lifecycle maxval@1.0.0~client: PATH: C:\Program Files\nodejs\node_modules\npm\bin\node-gyp-bin;C:\Users\utubors\Documents\UCSD_BootCamp\maXval\node_modules\.bin;C:\Users\utubors\Documents\UCSD_BootCamp\maXval\node_modules\.bin;C:\Users\utubors\AppData\Local\Yarn\config\link\node_modules\.bin;C:\Users\utubors\Documents\UCSD_BootCamp\maXval\node_modules\.bin;C:\Users\utubors\AppData\Local\Yarn\config\link\node_modules\.bin;C:\Users\utubors\AppData\Local\Yarn\bin;C:\Program Files\lib\node_modules\npm\bin\node-gyp-bin;C:\Program Files\nodejs\node_modules\npm\bin\node-gyp-bin;C:\ProgramData\Oracle\Java\javapath;C:\windows\system32;C:\windows;C:\windows\System32\Wbem;C:\windows\System32\WindowsPowerShell\v1.0\;C:\Program Files\PuTTY\;C:\Program Files\nodejs\;c:\Program Files\Intel\WiFi\bin\;c:\Program Files\Common Files\Intel\WirelessCommon\;C:\Program Files\Microsoft SQL Server\130\Tools\Binn\;C:\Program Files\dotnet\;C:\Program Files\Git\cmd;C:\Users\utubors\AppData\Local\Microsoft\WindowsApps;C:\Program Files\Heroku\bin;C:\Users\utubors\AppData\Roaming\npm;C:\Program Files (x86)\Nmap;"C:\Program Files\MongoDB\Server\3.4\bin"
10 verbose lifecycle maxval@1.0.0~client: CWD: C:\Users\utubors\Documents\UCSD_BootCamp\maXval
11 silly lifecycle maxval@1.0.0~client: Args: [ '/d /s /c', 'node scripts/start-client.js' ]
12 silly lifecycle maxval@1.0.0~client: Returned: code: 3221225786  signal: null
13 info lifecycle maxval@1.0.0~client: Failed to exec client script
14 verbose stack Error: maxval@1.0.0 client: `node scripts/start-client.js`
14 verbose stack Exit status 3221225786
14 verbose stack     at EventEmitter.<anonymous> (C:\Program Files\nodejs\node_modules\npm\lib\utils\lifecycle.js:255:16)
14 verbose stack     at emitTwo (events.js:106:13)
14 verbose stack     at EventEmitter.emit (events.js:191:7)
14 verbose stack     at ChildProcess.<anonymous> (C:\Program Files\nodejs\node_modules\npm\lib\utils\spawn.js:40:14)
14 verbose stack     at emitTwo (events.js:106:13)
14 verbose stack     at ChildProcess.emit (events.js:191:7)
14 verbose stack     at maybeClose (internal/child_process.js:891:16)
14 verbose stack     at Process.ChildProcess._handle.onexit (internal/child_process.js:226:5)
15 verbose pkgid maxval@1.0.0
16 verbose cwd C:\Users\utubors\Documents\UCSD_BootCamp\maXval
17 error Windows_NT 10.0.14393
18 error argv "C:\\Program Files\\nodejs\\node.exe" "C:\\Program Files\\nodejs\\node_modules\\npm\\bin\\npm-cli.js" "run" "client"
19 error node v6.11.1
20 error npm  v3.10.10
21 error code ELIFECYCLE
22 error maxval@1.0.0 client: `node scripts/start-client.js`
22 error Exit status 3221225786
23 error Failed at the maxval@1.0.0 client script 'node scripts/start-client.js'.
23 error Make sure you have the latest version of node.js and npm installed.
23 error If you do, this is most likely a problem with the maxval package,
23 error not with npm itself.
23 error Tell the author that this fails on your system:
23 error     node scripts/start-client.js
23 error You can get information on how to open an issue for this project with:
23 error     npm bugs maxval
23 error Or if that isn't available, you can get their info via:
23 error     npm owner ls maxval
23 error There is likely additional logging output above.
24 verbose exit [ 1, true ]
